<?xml version="1.0" encoding="UTF-8"?>
<!-- Generated by org.testng.reporters.JUnitReportReporter -->
<testsuite skipped="0" hostname="asma-ThinkPad-X1-Carbon-5th" name="org.wso2.carbon.automation.platform.esb.tests.SampleTestCase" tests="3" failures="0" timestamp="22 Nov 2017 17:15:31 GMT" time="0.002" errors="0">
  <testcase name="testESB2" time="0.001" classname="org.wso2.carbon.automation.platform.esb.tests.SampleTestCase"/>
  <testcase name="testESB1" time="0.000" classname="org.wso2.carbon.automation.platform.esb.tests.SampleTestCase"/>
  <testcase name="testESB3" time="0.001" classname="org.wso2.carbon.automation.platform.esb.tests.SampleTestCase"/>
</testsuite> <!-- org.wso2.carbon.automation.platform.esb.tests.SampleTestCase -->
